alsa-firmware
amd-ucode
ani-cli
ark
auto-cpufreq
baobab
base
base-devel
bat
bibata-cursor-theme
blueman
bluez
bluez-utils
brightnessctl
btop
btrfs-assistant
cava
chaotic-keyring
chaotic-mirrorlist
downgrade
eza
fastfetch
fish
git
github-cli
gnome-calculator
gnome-clocks
gnome-keyring
graphite-gtk-theme-black-git
grub
grub-btrfs
gruvbox-plus-icon-theme-git
gvfs
hypridle-git
hyprland-git
hyprlock-git
hyprpicker-git
hyprshot-git
hyprsunset-git
inotify-tools
kate
kitty
kvantum
librewolf-bin
limitcpu
linux-firmware
linux-zen
linux-zen-headers
lollypop
lostfiles
man-db
matugen-bin
neovim
networkmanager
noto-fonts-cjk
noto-fonts-emoji
nwg-look
pacman-contrib
paru
paru-debug
pavucontrol
pipewire
pipewire-alsa
pipewire-audio
pipewire-jack
pipewire-pulse
polkit-gnome
python-pip
python-pywal16
qt6-virtualkeyboard
qt6ct
qview
reflector
rofi-wayland
rustdesk-bin
sddm
seahorse
snap-pac
snapper
sof-firmware
spotify-launcher
starship
sudo
swaync
swww
tealdeer
thunar
ttf-font-awesome
ttf-jetbrains-mono
ttf-liberation
ttf-nerd-fonts-symbols
ttf-ubuntu-font-family
tumbler
unzip
vesktop
waybar
wf-recorder
xdg-desktop-portal-gtk
xdg-desktop-portal-hyprland-git
xdg-user-dirs
yad
zoxide
zram-generator
